# JRE version: OpenJDK Runtime Environment (21.0.6) (build 21.0.6+-13355223-b631.42)
# Java VM: OpenJDK 64-Bit Server VM (21.0.6+-13355223-b631.42, mixed mode, tiered, compressed oops, compressed class ptrs, g1 gc, windows-amd64)
GC Precious Log:
 CardTable entry size: 512
 Card Set container configuration: InlinePtr #cards 5 size 8 Array Of Cards #cards 12 size 40 Howl #buckets 4 coarsen threshold 1843 Howl Bitmap #cards 512 size 80 coarsen threshold 460 Card regions per heap region 1 cards per card region 2048
 CPUs: 12 total, 12 available
 Memory: 16221M
 Large Page Support: Disabled
 NUMA Support: Disabled
 Compressed Oops: Enabled (32-bit)
 Heap Region Size: 1M
 Heap Min Capacity: 8M
 Heap Initial Capacity: 254M
 Heap Max Capacity: 2G
 Pre-touch: Disabled
 Parallel Workers: 10
 Concurrent Workers: 3
 Concurrent Refinement Workers: 10
 Periodic GC: Disabled
Heap:
 garbage-first heap   total 209920K, used 167645K [0x0000000080000000, 0x0000000100000000)
  region size 1024K, 30 young (30720K), 2 survivors (2048K)
 Metaspace       used 119179K, committed 121472K, reserved 1179648K
  class space    used 16307K, committed 17472K, reserved 1048576K
GC Heap History (20 events):
Event: 29.371 GC heap before
{Heap before GC invocations=46 (full 0):
 garbage-first heap   total 167936K, used 152527K [0x0000000080000000, 0x0000000100000000)
  region size 1024K, 50 young (51200K), 4 survivors (4096K)
 Metaspace       used 111482K, committed 113600K, reserved 1179648K
  class space    used 15355K, committed 16448K, reserved 1048576K
}
Event: 29.377 GC heap after
{Heap after GC invocations=47 (full 0):
 garbage-first heap   total 167936K, used 109848K [0x0000000080000000, 0x0000000100000000)
  region size 1024K, 7 young (7168K), 7 survivors (7168K)
 Metaspace       used 111482K, committed 113600K, reserved 1179648K
  class space    used 15355K, committed 16448K, reserved 1048576K
}
Event: 30.024 GC heap before
{Heap before GC invocations=48 (full 0):
 garbage-first heap   total 184320K, used 149784K [0x0000000080000000, 0x0000000100000000)
  region size 1024K, 47 young (48128K), 7 survivors (7168K)
 Metaspace       used 111563K, committed 113792K, reserved 1179648K
  class space    used 15365K, committed 16512K, reserved 1048576K
}
Event: 30.034 GC heap after
{Heap after GC invocations=49 (full 0):
 garbage-first heap   total 184320K, used 111546K [0x0000000080000000, 0x0000000100000000)
  region size 1024K, 3 young (3072K), 3 survivors (3072K)
 Metaspace       used 111563K, committed 113792K, reserved 1179648K
  class space    used 15365K, committed 16512K, reserved 1048576K
}
Event: 31.469 GC heap before
{Heap before GC invocations=49 (full 0):
 garbage-first heap   total 184320K, used 168890K [0x0000000080000000, 0x0000000100000000)
  region size 1024K, 60 young (61440K), 3 survivors (3072K)
 Metaspace       used 111878K, committed 114048K, reserved 1179648K
  class space    used 15397K, committed 16512K, reserved 1048576K
}
Event: 31.477 GC heap after
{Heap after GC invocations=50 (full 0):
 garbage-first heap   total 184320K, used 114668K [0x0000000080000000, 0x0000000100000000)
  region size 1024K, 6 young (6144K), 6 survivors (6144K)
 Metaspace       used 111878K, committed 114048K, reserved 1179648K
  class space    used 15397K, committed 16512K, reserved 1048576K
}
Event: 32.043 GC heap before
{Heap before GC invocations=50 (full 0):
 garbage-first heap   total 184320K, used 166892K [0x0000000080000000, 0x0000000100000000)
  region size 1024K, 58 young (59392K), 6 survivors (6144K)
 Metaspace       used 112003K, committed 114240K, reserved 1179648K
  class space    used 15407K, committed 16512K, reserved 1048576K
}
Event: 32.052 GC heap after
{Heap after GC invocations=51 (full 0):
 garbage-first heap   total 184320K, used 117105K [0x0000000080000000, 0x0000000100000000)
  region size 1024K, 6 young (6144K), 6 survivors (6144K)
 Metaspace       used 112003K, committed 114240K, reserved 1179648K
  class space    used 15407K, committed 16512K, reserved 1048576K
}
Event: 32.930 GC heap before
{Heap before GC invocations=52 (full 0):
 garbage-first heap   total 196608K, used 165233K [0x0000000080000000, 0x0000000100000000)
  region size 1024K, 54 young (55296K), 6 survivors (6144K)
 Metaspace       used 112051K, committed 114240K, reserved 1179648K
  class space    used 15409K, committed 16512K, reserved 1048576K
}
Event: 32.938 GC heap after
{Heap after GC invocations=53 (full 0):
 garbage-first heap   total 196608K, used 119389K [0x0000000080000000, 0x0000000100000000)
  region size 1024K, 5 young (5120K), 5 survivors (5120K)
 Metaspace       used 112051K, committed 114240K, reserved 1179648K
  class space    used 15409K, committed 16512K, reserved 1048576K
}
Event: 1141.208 GC heap before
{Heap before GC invocations=53 (full 0):
 garbage-first heap   total 196608K, used 178781K [0x0000000080000000, 0x0000000100000000)
  region size 1024K, 64 young (65536K), 5 survivors (5120K)
 Metaspace       used 113427K, committed 115648K, reserved 1179648K
  class space    used 15582K, committed 16704K, reserved 1048576K
}
Event: 1141.214 GC heap after
{Heap after GC invocations=54 (full 0):
 garbage-first heap   total 196608K, used 120127K [0x0000000080000000, 0x0000000100000000)
  region size 1024K, 4 young (4096K), 4 survivors (4096K)
 Metaspace       used 113427K, committed 115648K, reserved 1179648K
  class space    used 15582K, committed 16704K, reserved 1048576K
}
Event: 1141.759 GC heap before
{Heap before GC invocations=54 (full 0):
 garbage-first heap   total 196608K, used 180543K [0x0000000080000000, 0x0000000100000000)
  region size 1024K, 63 young (64512K), 4 survivors (4096K)
 Metaspace       used 113770K, committed 116032K, reserved 1179648K
  class space    used 15583K, committed 16704K, reserved 1048576K
}
Event: 1141.766 GC heap after
{Heap after GC invocations=55 (full 0):
 garbage-first heap   total 196608K, used 125382K [0x0000000080000000, 0x0000000100000000)
  region size 1024K, 8 young (8192K), 8 survivors (8192K)
 Metaspace       used 113770K, committed 116032K, reserved 1179648K
  class space    used 15583K, committed 16704K, reserved 1048576K
}
Event: 1142.470 GC heap before
{Heap before GC invocations=56 (full 0):
 garbage-first heap   total 209920K, used 176582K [0x0000000080000000, 0x0000000100000000)
  region size 1024K, 58 young (59392K), 8 survivors (8192K)
 Metaspace       used 114005K, committed 116224K, reserved 1179648K
  class space    used 15584K, committed 16704K, reserved 1048576K
}
Event: 1142.480 GC heap after
{Heap after GC invocations=57 (full 0):
 garbage-first heap   total 209920K, used 133398K [0x0000000080000000, 0x0000000100000000)
  region size 1024K, 8 young (8192K), 8 survivors (8192K)
 Metaspace       used 114005K, committed 116224K, reserved 1179648K
  class space    used 15584K, committed 16704K, reserved 1048576K
}
Event: 1143.361 GC heap before
{Heap before GC invocations=57 (full 0):
 garbage-first heap   total 209920K, used 188694K [0x0000000080000000, 0x0000000100000000)
  region size 1024K, 63 young (64512K), 8 survivors (8192K)
 Metaspace       used 117156K, committed 119424K, reserved 1179648K
  class space    used 15993K, committed 17152K, reserved 1048576K
}
Event: 1143.370 GC heap after
{Heap after GC invocations=58 (full 0):
 garbage-first heap   total 209920K, used 138056K [0x0000000080000000, 0x0000000100000000)
  region size 1024K, 6 young (6144K), 6 survivors (6144K)
 Metaspace       used 117156K, committed 119424K, reserved 1179648K
  class space    used 15993K, committed 17152K, reserved 1048576K
}
Event: 1298.610 GC heap before
{Heap before GC invocations=58 (full 0):
 garbage-first heap   total 209920K, used 192328K [0x0000000080000000, 0x0000000100000000)
  region size 1024K, 59 young (60416K), 6 survivors (6144K)
 Metaspace       used 119111K, committed 121472K, reserved 1179648K
  class space    used 16304K, committed 17472K, reserved 1048576K
}
Event: 1298.615 GC heap after
{Heap after GC invocations=59 (full 0):
 garbage-first heap   total 209920K, used 139997K [0x0000000080000000, 0x0000000100000000)
  region size 1024K, 2 young (2048K), 2 survivors (2048K)
 Metaspace       used 119111K, committed 121472K, reserved 1179648K
  class space    used 16304K, committed 17472K, reserved 1048576K
}

