# JRE version: OpenJDK Runtime Environment (21.0.6) (build 21.0.6+-13355223-b631.42)
# Java VM: OpenJDK 64-Bit Server VM (21.0.6+-13355223-b631.42, mixed mode, tiered, compressed oops, compressed class ptrs, g1 gc, windows-amd64)
GC Precious Log:
 CardTable entry size: 512
 Card Set container configuration: InlinePtr #cards 5 size 8 Array Of Cards #cards 12 size 40 Howl #buckets 4 coarsen threshold 1843 Howl Bitmap #cards 512 size 80 coarsen threshold 460 Card regions per heap region 1 cards per card region 2048
 CPUs: 12 total, 12 available
 Memory: 16221M
 Large Page Support: Disabled
 NUMA Support: Disabled
 Compressed Oops: Enabled (32-bit)
 Heap Region Size: 1M
 Heap Min Capacity: 8M
 Heap Initial Capacity: 254M
 Heap Max Capacity: 2G
 Pre-touch: Disabled
 Parallel Workers: 10
 Concurrent Workers: 3
 Concurrent Refinement Workers: 10
 Periodic GC: Disabled
Heap:
 garbage-first heap   total 148480K, used 130967K [0x0000000080000000, 0x0000000100000000)
  region size 1024K, 49 young (50176K), 6 survivors (6144K)
 Metaspace       used 78871K, committed 80576K, reserved 1179648K
  class space    used 10835K, committed 11648K, reserved 1048576K
GC Heap History (20 events):
Event: 3.796 GC heap after
{Heap after GC invocations=10 (full 0):
 garbage-first heap   total 82944K, used 44892K [0x0000000080000000, 0x0000000100000000)
  region size 1024K, 3 young (3072K), 3 survivors (3072K)
 Metaspace       used 38702K, committed 39680K, reserved 1114112K
  class space    used 5274K, committed 5760K, reserved 1048576K
}
Event: 4.088 GC heap before
{Heap before GC invocations=10 (full 0):
 garbage-first heap   total 82944K, used 72540K [0x0000000080000000, 0x0000000100000000)
  region size 1024K, 30 young (30720K), 3 survivors (3072K)
 Metaspace       used 42412K, committed 43712K, reserved 1114112K
  class space    used 5879K, committed 6528K, reserved 1048576K
}
Event: 4.092 GC heap after
{Heap after GC invocations=11 (full 0):
 garbage-first heap   total 82944K, used 46318K [0x0000000080000000, 0x0000000100000000)
  region size 1024K, 4 young (4096K), 4 survivors (4096K)
 Metaspace       used 42412K, committed 43712K, reserved 1114112K
  class space    used 5879K, committed 6528K, reserved 1048576K
}
Event: 4.458 GC heap before
{Heap before GC invocations=11 (full 0):
 garbage-first heap   total 82944K, used 71918K [0x0000000080000000, 0x0000000100000000)
  region size 1024K, 30 young (30720K), 4 survivors (4096K)
 Metaspace       used 48204K, committed 49536K, reserved 1114112K
  class space    used 6584K, committed 7232K, reserved 1048576K
}
Event: 4.463 GC heap after
{Heap after GC invocations=12 (full 0):
 garbage-first heap   total 107520K, used 49056K [0x0000000080000000, 0x0000000100000000)
  region size 1024K, 4 young (4096K), 4 survivors (4096K)
 Metaspace       used 48204K, committed 49536K, reserved 1114112K
  class space    used 6584K, committed 7232K, reserved 1048576K
}
Event: 4.845 GC heap before
{Heap before GC invocations=13 (full 0):
 garbage-first heap   total 107520K, used 97184K [0x0000000080000000, 0x0000000100000000)
  region size 1024K, 47 young (48128K), 4 survivors (4096K)
 Metaspace       used 51772K, committed 53184K, reserved 1114112K
  class space    used 6920K, committed 7616K, reserved 1048576K
}
Event: 4.850 GC heap after
{Heap after GC invocations=14 (full 0):
 garbage-first heap   total 107520K, used 53720K [0x0000000080000000, 0x0000000100000000)
  region size 1024K, 6 young (6144K), 6 survivors (6144K)
 Metaspace       used 51772K, committed 53184K, reserved 1114112K
  class space    used 6920K, committed 7616K, reserved 1048576K
}
Event: 5.358 GC heap before
{Heap before GC invocations=14 (full 0):
 garbage-first heap   total 107520K, used 95704K [0x0000000080000000, 0x0000000100000000)
  region size 1024K, 45 young (46080K), 6 survivors (6144K)
 Metaspace       used 56243K, committed 57728K, reserved 1114112K
  class space    used 7668K, committed 8384K, reserved 1048576K
}
Event: 5.364 GC heap after
{Heap after GC invocations=15 (full 0):
 garbage-first heap   total 107520K, used 58952K [0x0000000080000000, 0x0000000100000000)
  region size 1024K, 4 young (4096K), 4 survivors (4096K)
 Metaspace       used 56243K, committed 57728K, reserved 1114112K
  class space    used 7668K, committed 8384K, reserved 1048576K
}
Event: 6.813 GC heap before
{Heap before GC invocations=15 (full 0):
 garbage-first heap   total 107520K, used 69192K [0x0000000080000000, 0x0000000100000000)
  region size 1024K, 15 young (15360K), 4 survivors (4096K)
 Metaspace       used 56510K, committed 58048K, reserved 1114112K
  class space    used 7673K, committed 8448K, reserved 1048576K
}
Event: 6.816 GC heap after
{Heap after GC invocations=16 (full 0):
 garbage-first heap   total 107520K, used 60885K [0x0000000080000000, 0x0000000100000000)
  region size 1024K, 3 young (3072K), 3 survivors (3072K)
 Metaspace       used 56510K, committed 58048K, reserved 1114112K
  class space    used 7673K, committed 8448K, reserved 1048576K
}
Event: 7.049 GC heap before
{Heap before GC invocations=17 (full 0):
 garbage-first heap   total 114688K, used 105941K [0x0000000080000000, 0x0000000100000000)
  region size 1024K, 34 young (34816K), 3 survivors (3072K)
 Metaspace       used 58898K, committed 60416K, reserved 1114112K
  class space    used 7888K, committed 8640K, reserved 1048576K
}
Event: 7.052 GC heap after
{Heap after GC invocations=18 (full 0):
 garbage-first heap   total 138240K, used 76239K [0x0000000080000000, 0x0000000100000000)
  region size 1024K, 5 young (5120K), 5 survivors (5120K)
 Metaspace       used 58898K, committed 60416K, reserved 1114112K
  class space    used 7888K, committed 8640K, reserved 1048576K
}
Event: 7.536 GC heap before
{Heap before GC invocations=18 (full 0):
 garbage-first heap   total 138240K, used 116175K [0x0000000080000000, 0x0000000100000000)
  region size 1024K, 44 young (45056K), 5 survivors (5120K)
 Metaspace       used 64204K, committed 65792K, reserved 1114112K
  class space    used 9012K, committed 9792K, reserved 1048576K
}
Event: 7.540 GC heap after
{Heap after GC invocations=19 (full 0):
 garbage-first heap   total 138240K, used 76579K [0x0000000080000000, 0x0000000100000000)
  region size 1024K, 5 young (5120K), 5 survivors (5120K)
 Metaspace       used 64204K, committed 65792K, reserved 1114112K
  class space    used 9012K, committed 9792K, reserved 1048576K
}
Event: 8.055 GC heap before
{Heap before GC invocations=19 (full 0):
 garbage-first heap   total 138240K, used 118563K [0x0000000080000000, 0x0000000100000000)
  region size 1024K, 46 young (47104K), 5 survivors (5120K)
 Metaspace       used 70150K, committed 71680K, reserved 1114112K
  class space    used 9762K, committed 10496K, reserved 1048576K
}
Event: 8.059 GC heap after
{Heap after GC invocations=20 (full 0):
 garbage-first heap   total 138240K, used 77901K [0x0000000080000000, 0x0000000100000000)
  region size 1024K, 3 young (3072K), 3 survivors (3072K)
 Metaspace       used 70150K, committed 71680K, reserved 1114112K
  class space    used 9762K, committed 10496K, reserved 1048576K
}
Event: 8.645 GC heap before
{Heap before GC invocations=21 (full 0):
 garbage-first heap   total 138240K, used 128077K [0x0000000080000000, 0x0000000100000000)
  region size 1024K, 45 young (46080K), 3 survivors (3072K)
 Metaspace       used 76571K, committed 78208K, reserved 1179648K
  class space    used 10589K, committed 11392K, reserved 1048576K
}
Event: 8.648 GC heap after
{Heap after GC invocations=22 (full 0):
 garbage-first heap   total 138240K, used 78743K [0x0000000080000000, 0x0000000100000000)
  region size 1024K, 4 young (4096K), 4 survivors (4096K)
 Metaspace       used 76571K, committed 78208K, reserved 1179648K
  class space    used 10589K, committed 11392K, reserved 1048576K
}
Event: 8.993 GC heap before
{Heap before GC invocations=22 (full 0):
 garbage-first heap   total 138240K, used 130967K [0x0000000080000000, 0x0000000100000000)
  region size 1024K, 47 young (48128K), 4 survivors (4096K)
 Metaspace       used 78871K, committed 80576K, reserved 1179648K
  class space    used 10835K, committed 11648K, reserved 1048576K
}

